{"/home/mia/Documents/code/factorio-shape-gen-ui/src/index.js": {"path":"/home/mia/Documents/code/factorio-shape-gen-ui/src/index.js","statementMap":{"0":{"start":{"line":10,"column":1},"end":{"line":16,"column":3}}},"fnMap":{"0":{"name":"App","decl":{"start":{"line":9,"column":24},"end":{"line":9,"column":27}},"loc":{"start":{"line":9,"column":30},"end":{"line":17,"column":1}},"line":9}},"branchMap":{},"s":{"0":1},"f":{"0":1},"b":{},"_coverageSchema":"1a1c01bbd47fc00a2c39e90264f33305004495a9","hash":"1a236b2d1733cffb62e98e55f95940b3203185eb"}
,"/home/mia/Documents/code/factorio-shape-gen-ui/src/sw.js": {"path":"/home/mia/Documents/code/factorio-shape-gen-ui/src/sw.js","statementMap":{"0":{"start":{"line":3,"column":0},"end":{"line":3,"column":15}},"1":{"start":{"line":4,"column":0},"end":{"line":4,"column":28}}},"fnMap":{},"branchMap":{},"s":{"0":0,"1":0},"f":{},"b":{}}
,"/home/mia/Documents/code/factorio-shape-gen-ui/src/components/Button.js": {"path":"/home/mia/Documents/code/factorio-shape-gen-ui/src/components/Button.js","statementMap":{"0":{"start":{"line":5,"column":2},"end":{"line":14,"column":4}}},"fnMap":{"0":{"name":"ActionButton","decl":{"start":{"line":4,"column":24},"end":{"line":4,"column":36}},"loc":{"start":{"line":4,"column":76},"end":{"line":15,"column":1}},"line":4}},"branchMap":{"0":{"loc":{"start":{"line":10,"column":17},"end":{"line":10,"column":60}},"type":"cond-expr","locations":[{"start":{"line":10,"column":38},"end":{"line":10,"column":55}},{"start":{"line":10,"column":58},"end":{"line":10,"column":60}}],"line":10}},"s":{"0":6},"f":{"0":6},"b":{"0":[0,4]},"_coverageSchema":"1a1c01bbd47fc00a2c39e90264f33305004495a9","hash":"1a343ee94baac1da43d946e39d33b252fa72bfff"}
,"/home/mia/Documents/code/factorio-shape-gen-ui/src/components/CollapsedText.js": {"path":"/home/mia/Documents/code/factorio-shape-gen-ui/src/components/CollapsedText.js","statementMap":{"0":{"start":{"line":9,"column":34},"end":{"line":9,"column":49}},"1":{"start":{"line":10,"column":19},"end":{"line":10,"column":38}},"2":{"start":{"line":11,"column":21},"end":{"line":11,"column":43}},"3":{"start":{"line":12,"column":17},"end":{"line":12,"column":35}},"4":{"start":{"line":14,"column":20},"end":{"line":14,"column":73}},"5":{"start":{"line":15,"column":17},"end":{"line":18,"column":3}},"6":{"start":{"line":20,"column":2},"end":{"line":41,"column":4}},"7":{"start":{"line":28,"column":25},"end":{"line":28,"column":48}}},"fnMap":{"0":{"name":"CollapsedText","decl":{"start":{"line":8,"column":24},"end":{"line":8,"column":37}},"loc":{"start":{"line":8,"column":55},"end":{"line":42,"column":1}},"line":8},"1":{"name":"(anonymous_1)","decl":{"start":{"line":28,"column":17},"end":{"line":28,"column":18}},"loc":{"start":{"line":28,"column":23},"end":{"line":28,"column":50}},"line":28}},"branchMap":{"0":{"loc":{"start":{"line":14,"column":41},"end":{"line":14,"column":71}},"type":"cond-expr","locations":[{"start":{"line":14,"column":52},"end":{"line":14,"column":66}},{"start":{"line":14,"column":69},"end":{"line":14,"column":71}}],"line":14},"1":{"loc":{"start":{"line":16,"column":13},"end":{"line":16,"column":29}},"type":"cond-expr","locations":[{"start":{"line":16,"column":24},"end":{"line":16,"column":25}},{"start":{"line":16,"column":28},"end":{"line":16,"column":29}}],"line":16}},"s":{"0":6,"1":6,"2":6,"3":6,"4":6,"5":6,"6":6,"7":1},"f":{"0":6,"1":1},"b":{"0":[1,5],"1":[1,5]},"_coverageSchema":"1a1c01bbd47fc00a2c39e90264f33305004495a9","hash":"0745a976a88bd623691de9bcf70e57dd0c6d9efc"}
,"/home/mia/Documents/code/factorio-shape-gen-ui/src/components/DropdownSelect.js": {"path":"/home/mia/Documents/code/factorio-shape-gen-ui/src/components/DropdownSelect.js","statementMap":{"0":{"start":{"line":14,"column":2},"end":{"line":27,"column":4}},"1":{"start":{"line":21,"column":25},"end":{"line":23,"column":21}}},"fnMap":{"0":{"name":"DropdownSelect","decl":{"start":{"line":5,"column":24},"end":{"line":5,"column":38}},"loc":{"start":{"line":13,"column":3},"end":{"line":28,"column":1}},"line":13},"1":{"name":"(anonymous_1)","decl":{"start":{"line":21,"column":10},"end":{"line":21,"column":11}},"loc":{"start":{"line":21,"column":25},"end":{"line":23,"column":21}},"line":21}},"branchMap":{"0":{"loc":{"start":{"line":16,"column":56},"end":{"line":16,"column":82}},"type":"binary-expr","locations":[{"start":{"line":16,"column":56},"end":{"line":16,"column":64}},{"start":{"line":16,"column":68},"end":{"line":16,"column":82}}],"line":16}},"s":{"0":8,"1":38},"f":{"0":8,"1":38},"b":{"0":[8,2]},"_coverageSchema":"1a1c01bbd47fc00a2c39e90264f33305004495a9","hash":"303690bbaa6e1a6538acd8a8d43a9918d375a3ce"}
,"/home/mia/Documents/code/factorio-shape-gen-ui/src/components/NumberInput.js": {"path":"/home/mia/Documents/code/factorio-shape-gen-ui/src/components/NumberInput.js","statementMap":{"0":{"start":{"line":6,"column":2},"end":{"line":11,"column":4}}},"fnMap":{"0":{"name":"NumberInput","decl":{"start":{"line":5,"column":24},"end":{"line":5,"column":35}},"loc":{"start":{"line":5,"column":68},"end":{"line":12,"column":1}},"line":5}},"branchMap":{},"s":{"0":2},"f":{"0":2},"b":{},"_coverageSchema":"1a1c01bbd47fc00a2c39e90264f33305004495a9","hash":"b1b7201a729604c9cd4067e113d368b7f79771bd"}
,"/home/mia/Documents/code/factorio-shape-gen-ui/src/components/TextBox.js": {"path":"/home/mia/Documents/code/factorio-shape-gen-ui/src/components/TextBox.js","statementMap":{"0":{"start":{"line":4,"column":2},"end":{"line":8,"column":3}}},"fnMap":{"0":{"name":"TextBox","decl":{"start":{"line":3,"column":24},"end":{"line":3,"column":31}},"loc":{"start":{"line":3,"column":55},"end":{"line":9,"column":1}},"line":3}},"branchMap":{},"s":{"0":2},"f":{"0":2},"b":{},"_coverageSchema":"1a1c01bbd47fc00a2c39e90264f33305004495a9","hash":"b544e0e9f1adaf1f887c58b7ac299a387a9cecbf"}
,"/home/mia/Documents/code/factorio-shape-gen-ui/src/sections/Footer.js": {"path":"/home/mia/Documents/code/factorio-shape-gen-ui/src/sections/Footer.js","statementMap":{"0":{"start":{"line":5,"column":16},"end":{"line":5,"column":23}},"1":{"start":{"line":6,"column":15},"end":{"line":6,"column":101}},"2":{"start":{"line":8,"column":2},"end":{"line":23,"column":4}}},"fnMap":{"0":{"name":"Footer","decl":{"start":{"line":4,"column":24},"end":{"line":4,"column":30}},"loc":{"start":{"line":4,"column":33},"end":{"line":24,"column":1}},"line":4}},"branchMap":{},"s":{"0":3,"1":3,"2":3},"f":{"0":3},"b":{},"_coverageSchema":"1a1c01bbd47fc00a2c39e90264f33305004495a9","hash":"5c8b66636eab19ecf2b0a19ba96f0c8a4dc68b8d"}
,"/home/mia/Documents/code/factorio-shape-gen-ui/src/sections/Header.js": {"path":"/home/mia/Documents/code/factorio-shape-gen-ui/src/sections/Header.js","statementMap":{"0":{"start":{"line":4,"column":2},"end":{"line":10,"column":4}}},"fnMap":{"0":{"name":"Header","decl":{"start":{"line":3,"column":24},"end":{"line":3,"column":30}},"loc":{"start":{"line":3,"column":33},"end":{"line":11,"column":1}},"line":3}},"branchMap":{},"s":{"0":2},"f":{"0":2},"b":{},"_coverageSchema":"1a1c01bbd47fc00a2c39e90264f33305004495a9","hash":"d636457f3ae98145242ada0d007b5b7b30d07db1"}
,"/home/mia/Documents/code/factorio-shape-gen-ui/src/sections/Main.js": {"path":"/home/mia/Documents/code/factorio-shape-gen-ui/src/sections/Main.js","statementMap":{"0":{"start":{"line":14,"column":2},"end":{"line":14,"column":45}},"1":{"start":{"line":14,"column":35},"end":{"line":14,"column":44}},"2":{"start":{"line":18,"column":18},"end":{"line":18,"column":22}},"3":{"start":{"line":19,"column":2},"end":{"line":26,"column":3}},"4":{"start":{"line":20,"column":4},"end":{"line":20,"column":48}},"5":{"start":{"line":21,"column":4},"end":{"line":21,"column":35}},"6":{"start":{"line":22,"column":4},"end":{"line":22,"column":62}},"7":{"start":{"line":22,"column":40},"end":{"line":22,"column":54}},"8":{"start":{"line":23,"column":4},"end":{"line":23,"column":48}},"9":{"start":{"line":23,"column":17},"end":{"line":23,"column":47}},"10":{"start":{"line":25,"column":4},"end":{"line":25,"column":57}},"11":{"start":{"line":29,"column":20},"end":{"line":29,"column":60}},"12":{"start":{"line":29,"column":51},"end":{"line":29,"column":59}},"13":{"start":{"line":30,"column":19},"end":{"line":30,"column":53}},"14":{"start":{"line":30,"column":47},"end":{"line":30,"column":52}},"15":{"start":{"line":33,"column":28},"end":{"line":33,"column":46}},"16":{"start":{"line":34,"column":44},"end":{"line":34,"column":55}},"17":{"start":{"line":35,"column":30},"end":{"line":35,"column":42}},"18":{"start":{"line":36,"column":26},"end":{"line":36,"column":54}},"19":{"start":{"line":37,"column":34},"end":{"line":37,"column":46}},"20":{"start":{"line":38,"column":38},"end":{"line":38,"column":50}},"21":{"start":{"line":39,"column":40},"end":{"line":39,"column":52}},"22":{"start":{"line":41,"column":2},"end":{"line":43,"column":17}},"23":{"start":{"line":42,"column":4},"end":{"line":42,"column":70}},"24":{"start":{"line":42,"column":29},"end":{"line":42,"column":70}},"25":{"start":{"line":45,"column":2},"end":{"line":102,"column":4}},"26":{"start":{"line":87,"column":12},"end":{"line":87,"column":81}},"27":{"start":{"line":94,"column":28},"end":{"line":94,"column":70}}},"fnMap":{"0":{"name":"callbackify","decl":{"start":{"line":13,"column":9},"end":{"line":13,"column":20}},"loc":{"start":{"line":13,"column":25},"end":{"line":15,"column":1}},"line":13},"1":{"name":"(anonymous_1)","decl":{"start":{"line":14,"column":9},"end":{"line":14,"column":10}},"loc":{"start":{"line":14,"column":35},"end":{"line":14,"column":44}},"line":14},"2":{"name":"copyToClipboard","decl":{"start":{"line":17,"column":15},"end":{"line":17,"column":30}},"loc":{"start":{"line":17,"column":51},"end":{"line":27,"column":1}},"line":17},"3":{"name":"(anonymous_3)","decl":{"start":{"line":22,"column":34},"end":{"line":22,"column":35}},"loc":{"start":{"line":22,"column":40},"end":{"line":22,"column":54}},"line":22},"4":{"name":"(anonymous_4)","decl":{"start":{"line":23,"column":11},"end":{"line":23,"column":12}},"loc":{"start":{"line":23,"column":17},"end":{"line":23,"column":47}},"line":23},"5":{"name":"(anonymous_5)","decl":{"start":{"line":29,"column":33},"end":{"line":29,"column":34}},"loc":{"start":{"line":29,"column":51},"end":{"line":29,"column":59}},"line":29},"6":{"name":"(anonymous_6)","decl":{"start":{"line":30,"column":32},"end":{"line":30,"column":33}},"loc":{"start":{"line":30,"column":47},"end":{"line":30,"column":52}},"line":30},"7":{"name":"Main","decl":{"start":{"line":32,"column":24},"end":{"line":32,"column":28}},"loc":{"start":{"line":32,"column":31},"end":{"line":103,"column":1}},"line":32},"8":{"name":"(anonymous_8)","decl":{"start":{"line":41,"column":12},"end":{"line":41,"column":13}},"loc":{"start":{"line":41,"column":18},"end":{"line":43,"column":3}},"line":41},"9":{"name":"(anonymous_9)","decl":{"start":{"line":86,"column":20},"end":{"line":86,"column":21}},"loc":{"start":{"line":86,"column":26},"end":{"line":88,"column":11}},"line":86},"10":{"name":"(anonymous_10)","decl":{"start":{"line":94,"column":20},"end":{"line":94,"column":21}},"loc":{"start":{"line":94,"column":26},"end":{"line":94,"column":72}},"line":94}},"branchMap":{"0":{"loc":{"start":{"line":42,"column":4},"end":{"line":42,"column":70}},"type":"if","locations":[{"start":{"line":42,"column":4},"end":{"line":42,"column":70}},{"start":{"line":42,"column":4},"end":{"line":42,"column":70}}],"line":42}},"s":{"0":8,"1":0,"2":0,"3":0,"4":0,"5":0,"6":0,"7":0,"8":0,"9":0,"10":0,"11":2,"12":14,"13":2,"14":14,"15":2,"16":2,"17":2,"18":2,"19":2,"20":2,"21":2,"22":2,"23":2,"24":0,"25":2,"26":0,"27":0},"f":{"0":8,"1":0,"2":0,"3":0,"4":0,"5":14,"6":14,"7":2,"8":2,"9":0,"10":0},"b":{"0":[0,2]},"_coverageSchema":"1a1c01bbd47fc00a2c39e90264f33305004495a9","hash":"c510e4613b866c2141cc82dcc1652b44c7ad0fca"}
,"/home/mia/Documents/code/factorio-shape-gen-ui/src/sections/tileData.js": {"path":"/home/mia/Documents/code/factorio-shape-gen-ui/src/sections/tileData.js","statementMap":{"0":{"start":{"line":1,"column":18},"end":{"line":1,"column":60}},"1":{"start":{"line":1,"column":40},"end":{"line":1,"column":59}},"2":{"start":{"line":3,"column":17},"end":{"line":11,"column":1}}},"fnMap":{"0":{"name":"(anonymous_0)","decl":{"start":{"line":1,"column":18},"end":{"line":1,"column":19}},"loc":{"start":{"line":1,"column":40},"end":{"line":1,"column":59}},"line":1}},"branchMap":{},"s":{"0":2,"1":14,"2":2},"f":{"0":14},"b":{},"_coverageSchema":"1a1c01bbd47fc00a2c39e90264f33305004495a9","hash":"e2fb018bed53096e5e55627ba70412403daa53e8"}
,"/home/mia/Documents/code/factorio-shape-gen-ui/src/utils/calculateEverything.js": {"path":"/home/mia/Documents/code/factorio-shape-gen-ui/src/utils/calculateEverything.js","statementMap":{"0":{"start":{"line":7,"column":15},"end":{"line":7,"column":17}},"1":{"start":{"line":9,"column":2},"end":{"line":19,"column":3}},"2":{"start":{"line":10,"column":4},"end":{"line":10,"column":37}},"3":{"start":{"line":11,"column":9},"end":{"line":19,"column":3}},"4":{"start":{"line":12,"column":21},"end":{"line":12,"column":55}},"5":{"start":{"line":13,"column":26},"end":{"line":13,"column":28}},"6":{"start":{"line":14,"column":4},"end":{"line":17,"column":5}},"7":{"start":{"line":14,"column":17},"end":{"line":14,"column":18}},"8":{"start":{"line":15,"column":24},"end":{"line":15,"column":75}},"9":{"start":{"line":16,"column":6},"end":{"line":16,"column":39}},"10":{"start":{"line":18,"column":4},"end":{"line":18,"column":27}},"11":{"start":{"line":21,"column":26},"end":{"line":21,"column":58}},"12":{"start":{"line":22,"column":2},"end":{"line":22,"column":25}}},"fnMap":{"0":{"name":"calculateEverything","decl":{"start":{"line":6,"column":9},"end":{"line":6,"column":28}},"loc":{"start":{"line":6,"column":65},"end":{"line":23,"column":1}},"line":6}},"branchMap":{"0":{"loc":{"start":{"line":9,"column":2},"end":{"line":19,"column":3}},"type":"if","locations":[{"start":{"line":9,"column":2},"end":{"line":19,"column":3}},{"start":{"line":9,"column":2},"end":{"line":19,"column":3}}],"line":9},"1":{"loc":{"start":{"line":11,"column":9},"end":{"line":19,"column":3}},"type":"if","locations":[{"start":{"line":11,"column":9},"end":{"line":19,"column":3}},{"start":{"line":11,"column":9},"end":{"line":19,"column":3}}],"line":11}},"s":{"0":1,"1":1,"2":1,"3":0,"4":0,"5":0,"6":0,"7":0,"8":0,"9":0,"10":0,"11":1,"12":1},"f":{"0":1},"b":{"0":[1,0],"1":[0,0]},"_coverageSchema":"1a1c01bbd47fc00a2c39e90264f33305004495a9","hash":"869d4b4c1beec1aaecebd69d0eaae4148f6a2b45"}
,"/home/mia/Documents/code/factorio-shape-gen-ui/src/utils/getBlueprintString.js": {"path":"/home/mia/Documents/code/factorio-shape-gen-ui/src/utils/getBlueprintString.js","statementMap":{"0":{"start":{"line":5,"column":23},"end":{"line":5,"column":38}},"1":{"start":{"line":6,"column":2},"end":{"line":8,"column":4}},"2":{"start":{"line":7,"column":16},"end":{"line":7,"column":59}},"3":{"start":{"line":9,"column":2},"end":{"line":9,"column":22}},"4":{"start":{"line":12,"column":27},"end":{"line":12,"column":106}},"5":{"start":{"line":12,"column":54},"end":{"line":12,"column":106}}},"fnMap":{"0":{"name":"getBlueprint","decl":{"start":{"line":3,"column":9},"end":{"line":3,"column":21}},"loc":{"start":{"line":3,"column":45},"end":{"line":10,"column":1}},"line":3},"1":{"name":"(anonymous_1)","decl":{"start":{"line":7,"column":4},"end":{"line":7,"column":5}},"loc":{"start":{"line":7,"column":16},"end":{"line":7,"column":59}},"line":7},"2":{"name":"(anonymous_2)","decl":{"start":{"line":12,"column":27},"end":{"line":12,"column":28}},"loc":{"start":{"line":12,"column":54},"end":{"line":12,"column":106}},"line":12}},"branchMap":{},"s":{"0":4,"1":4,"2":153,"3":4,"4":4,"5":2},"f":{"0":4,"1":153,"2":2},"b":{},"_coverageSchema":"1a1c01bbd47fc00a2c39e90264f33305004495a9","hash":"84f4e55ce5015b7527d46b77c8fe719677c57bba"}
,"/home/mia/Documents/code/factorio-shape-gen-ui/src/utils/getCirclePoints.js": {"path":"/home/mia/Documents/code/factorio-shape-gen-ui/src/utils/getCirclePoints.js","statementMap":{"0":{"start":{"line":1,"column":22},"end":{"line":1,"column":90}},"1":{"start":{"line":1,"column":37},"end":{"line":1,"column":90}},"2":{"start":{"line":4,"column":30},"end":{"line":4,"column":32}},"3":{"start":{"line":5,"column":2},"end":{"line":8,"column":3}},"4":{"start":{"line":5,"column":22},"end":{"line":5,"column":23}},"5":{"start":{"line":6,"column":21},"end":{"line":6,"column":52}},"6":{"start":{"line":7,"column":4},"end":{"line":7,"column":51}},"7":{"start":{"line":10,"column":23},"end":{"line":10,"column":62}},"8":{"start":{"line":12,"column":2},"end":{"line":18,"column":3}},"9":{"start":{"line":12,"column":22},"end":{"line":12,"column":23}},"10":{"start":{"line":13,"column":21},"end":{"line":13,"column":52}},"11":{"start":{"line":14,"column":18},"end":{"line":14,"column":38}},"12":{"start":{"line":15,"column":4},"end":{"line":17,"column":5}},"13":{"start":{"line":16,"column":6},"end":{"line":16,"column":38}},"14":{"start":{"line":20,"column":31},"end":{"line":20,"column":75}},"15":{"start":{"line":20,"column":67},"end":{"line":20,"column":74}},"16":{"start":{"line":21,"column":30},"end":{"line":21,"column":75}},"17":{"start":{"line":21,"column":66},"end":{"line":21,"column":74}},"18":{"start":{"line":22,"column":31},"end":{"line":22,"column":75}},"19":{"start":{"line":22,"column":67},"end":{"line":22,"column":74}},"20":{"start":{"line":24,"column":20},"end":{"line":24,"column":118}},"21":{"start":{"line":26,"column":2},"end":{"line":26,"column":19}}},"fnMap":{"0":{"name":"(anonymous_0)","decl":{"start":{"line":1,"column":22},"end":{"line":1,"column":23}},"loc":{"start":{"line":1,"column":37},"end":{"line":1,"column":90}},"line":1},"1":{"name":"getCirclePoints","decl":{"start":{"line":3,"column":9},"end":{"line":3,"column":24}},"loc":{"start":{"line":3,"column":33},"end":{"line":27,"column":1}},"line":3},"2":{"name":"(anonymous_2)","decl":{"start":{"line":20,"column":55},"end":{"line":20,"column":56}},"loc":{"start":{"line":20,"column":67},"end":{"line":20,"column":74}},"line":20},"3":{"name":"(anonymous_3)","decl":{"start":{"line":21,"column":54},"end":{"line":21,"column":55}},"loc":{"start":{"line":21,"column":66},"end":{"line":21,"column":74}},"line":21},"4":{"name":"(anonymous_4)","decl":{"start":{"line":22,"column":55},"end":{"line":22,"column":56}},"loc":{"start":{"line":22,"column":67},"end":{"line":22,"column":74}},"line":22}},"branchMap":{"0":{"loc":{"start":{"line":15,"column":4},"end":{"line":17,"column":5}},"type":"if","locations":[{"start":{"line":15,"column":4},"end":{"line":17,"column":5}},{"start":{"line":15,"column":4},"end":{"line":17,"column":5}}],"line":15}},"s":{"0":4,"1":52,"2":1,"3":1,"4":1,"5":26,"6":26,"7":1,"8":1,"9":1,"10":26,"11":26,"12":26,"13":11,"14":1,"15":37,"16":1,"17":37,"18":1,"19":37,"20":1,"21":1},"f":{"0":52,"1":1,"2":37,"3":37,"4":37},"b":{"0":[11,15]},"_coverageSchema":"1a1c01bbd47fc00a2c39e90264f33305004495a9","hash":"1e1ce84be091cd71f50494361da2fbecd4a46786"}
,"/home/mia/Documents/code/factorio-shape-gen-ui/src/utils/getIntermediatePoints.js": {"path":"/home/mia/Documents/code/factorio-shape-gen-ui/src/utils/getIntermediatePoints.js","statementMap":{"0":{"start":{"line":3,"column":17},"end":{"line":3,"column":62}},"1":{"start":{"line":4,"column":2},"end":{"line":4,"column":32}},"2":{"start":{"line":4,"column":20},"end":{"line":4,"column":32}},"3":{"start":{"line":5,"column":2},"end":{"line":5,"column":58}},"4":{"start":{"line":11,"column":31},"end":{"line":11,"column":63}},"5":{"start":{"line":11,"column":48},"end":{"line":11,"column":62}},"6":{"start":{"line":12,"column":15},"end":{"line":12,"column":35}},"7":{"start":{"line":14,"column":2},"end":{"line":16,"column":4}},"8":{"start":{"line":15,"column":14},"end":{"line":15,"column":51}},"9":{"start":{"line":23,"column":17},"end":{"line":23,"column":38}},"10":{"start":{"line":24,"column":17},"end":{"line":24,"column":38}},"11":{"start":{"line":25,"column":16},"end":{"line":25,"column":31}},"12":{"start":{"line":26,"column":21},"end":{"line":26,"column":50}},"13":{"start":{"line":27,"column":2},"end":{"line":27,"column":31}},"14":{"start":{"line":33,"column":20},"end":{"line":33,"column":38}},"15":{"start":{"line":34,"column":24},"end":{"line":34,"column":38}},"16":{"start":{"line":35,"column":22},"end":{"line":35,"column":44}},"17":{"start":{"line":36,"column":24},"end":{"line":36,"column":61}},"18":{"start":{"line":39,"column":28},"end":{"line":39,"column":30}},"19":{"start":{"line":41,"column":2},"end":{"line":56,"column":3}},"20":{"start":{"line":44,"column":4},"end":{"line":55,"column":5}},"21":{"start":{"line":45,"column":21},"end":{"line":45,"column":46}},"22":{"start":{"line":50,"column":19},"end":{"line":50,"column":21}},"23":{"start":{"line":51,"column":6},"end":{"line":53,"column":7}},"24":{"start":{"line":52,"column":8},"end":{"line":52,"column":20}},"25":{"start":{"line":54,"column":6},"end":{"line":54,"column":49}},"26":{"start":{"line":59,"column":2},"end":{"line":59,"column":48}},"27":{"start":{"line":61,"column":2},"end":{"line":61,"column":27}},"28":{"start":{"line":66,"column":17},"end":{"line":66,"column":27}},"29":{"start":{"line":67,"column":17},"end":{"line":67,"column":41}},"30":{"start":{"line":68,"column":2},"end":{"line":68,"column":38}},"31":{"start":{"line":73,"column":17},"end":{"line":73,"column":26}},"32":{"start":{"line":74,"column":17},"end":{"line":74,"column":40}},"33":{"start":{"line":76,"column":2},"end":{"line":76,"column":40}},"34":{"start":{"line":85,"column":26},"end":{"line":85,"column":63}},"35":{"start":{"line":86,"column":27},"end":{"line":86,"column":29}},"36":{"start":{"line":89,"column":2},"end":{"line":96,"column":3}},"37":{"start":{"line":91,"column":19},"end":{"line":91,"column":73}},"38":{"start":{"line":92,"column":27},"end":{"line":92,"column":64}},"39":{"start":{"line":93,"column":4},"end":{"line":93,"column":47}},"40":{"start":{"line":95,"column":4},"end":{"line":95,"column":30}},"41":{"start":{"line":103,"column":31},"end":{"line":103,"column":46}},"42":{"start":{"line":104,"column":32},"end":{"line":104,"column":69}},"43":{"start":{"line":105,"column":20},"end":{"line":105,"column":38}},"44":{"start":{"line":107,"column":17},"end":{"line":107,"column":31}},"45":{"start":{"line":108,"column":17},"end":{"line":108,"column":44}},"46":{"start":{"line":109,"column":17},"end":{"line":109,"column":23}},"47":{"start":{"line":116,"column":6},"end":{"line":116,"column":38}},"48":{"start":{"line":118,"column":16},"end":{"line":118,"column":29}},"49":{"start":{"line":121,"column":2},"end":{"line":127,"column":3}},"50":{"start":{"line":121,"column":22},"end":{"line":121,"column":28}},"51":{"start":{"line":123,"column":23},"end":{"line":123,"column":72}},"52":{"start":{"line":124,"column":4},"end":{"line":124,"column":43}},"53":{"start":{"line":126,"column":4},"end":{"line":126,"column":22}},"54":{"start":{"line":144,"column":2},"end":{"line":146,"column":4}},"55":{"start":{"line":145,"column":13},"end":{"line":145,"column":70}},"56":{"start":{"line":150,"column":2},"end":{"line":152,"column":4}},"57":{"start":{"line":151,"column":13},"end":{"line":151,"column":67}},"58":{"start":{"line":156,"column":20},"end":{"line":156,"column":51}},"59":{"start":{"line":157,"column":2},"end":{"line":159,"column":3}},"60":{"start":{"line":158,"column":4},"end":{"line":158,"column":52}},"61":{"start":{"line":163,"column":2},"end":{"line":168,"column":3}},"62":{"start":{"line":165,"column":4},"end":{"line":165,"column":29}},"63":{"start":{"line":166,"column":4},"end":{"line":166,"column":33}},"64":{"start":{"line":167,"column":4},"end":{"line":167,"column":54}},"65":{"start":{"line":171,"column":2},"end":{"line":171,"column":28}}},"fnMap":{"0":{"name":"sortPoints","decl":{"start":{"line":2,"column":9},"end":{"line":2,"column":19}},"loc":{"start":{"line":2,"column":38},"end":{"line":6,"column":1}},"line":2},"1":{"name":"getVerticalPoints","decl":{"start":{"line":10,"column":9},"end":{"line":10,"column":26}},"loc":{"start":{"line":10,"column":43},"end":{"line":17,"column":1}},"line":10},"2":{"name":"(anonymous_2)","decl":{"start":{"line":11,"column":42},"end":{"line":11,"column":43}},"loc":{"start":{"line":11,"column":48},"end":{"line":11,"column":62}},"line":11},"3":{"name":"(anonymous_3)","decl":{"start":{"line":15,"column":4},"end":{"line":15,"column":5}},"loc":{"start":{"line":15,"column":14},"end":{"line":15,"column":51}},"line":15},"4":{"name":"getLinearEquation","decl":{"start":{"line":20,"column":9},"end":{"line":20,"column":26}},"loc":{"start":{"line":20,"column":43},"end":{"line":28,"column":1}},"line":20},"5":{"name":"getNextBatchOfPoints","decl":{"start":{"line":32,"column":9},"end":{"line":32,"column":29}},"loc":{"start":{"line":32,"column":47},"end":{"line":62,"column":1}},"line":32},"6":{"name":"checkIfBefore","decl":{"start":{"line":65,"column":9},"end":{"line":65,"column":22}},"loc":{"start":{"line":65,"column":60},"end":{"line":69,"column":1}},"line":65},"7":{"name":"checkIfAfter","decl":{"start":{"line":72,"column":9},"end":{"line":72,"column":21}},"loc":{"start":{"line":72,"column":57},"end":{"line":77,"column":1}},"line":72},"8":{"name":"getIntermediatePoints","decl":{"start":{"line":83,"column":9},"end":{"line":83,"column":30}},"loc":{"start":{"line":83,"column":56},"end":{"line":172,"column":1}},"line":83},"9":{"name":"(anonymous_9)","decl":{"start":{"line":145,"column":4},"end":{"line":145,"column":5}},"loc":{"start":{"line":145,"column":13},"end":{"line":145,"column":70}},"line":145},"10":{"name":"(anonymous_10)","decl":{"start":{"line":151,"column":4},"end":{"line":151,"column":5}},"loc":{"start":{"line":151,"column":13},"end":{"line":151,"column":67}},"line":151}},"branchMap":{"0":{"loc":{"start":{"line":4,"column":2},"end":{"line":4,"column":32}},"type":"if","locations":[{"start":{"line":4,"column":2},"end":{"line":4,"column":32}},{"start":{"line":4,"column":2},"end":{"line":4,"column":32}}],"line":4},"1":{"loc":{"start":{"line":5,"column":9},"end":{"line":5,"column":57}},"type":"cond-expr","locations":[{"start":{"line":5,"column":22},"end":{"line":5,"column":38}},{"start":{"line":5,"column":41},"end":{"line":5,"column":57}}],"line":5},"2":{"loc":{"start":{"line":12,"column":15},"end":{"line":12,"column":35}},"type":"cond-expr","locations":[{"start":{"line":12,"column":29},"end":{"line":12,"column":30}},{"start":{"line":12,"column":33},"end":{"line":12,"column":35}}],"line":12},"3":{"loc":{"start":{"line":33,"column":20},"end":{"line":33,"column":38}},"type":"cond-expr","locations":[{"start":{"line":33,"column":33},"end":{"line":33,"column":34}},{"start":{"line":33,"column":36},"end":{"line":33,"column":38}}],"line":33},"4":{"loc":{"start":{"line":41,"column":2},"end":{"line":56,"column":3}},"type":"if","locations":[{"start":{"line":41,"column":2},"end":{"line":56,"column":3}},{"start":{"line":41,"column":2},"end":{"line":56,"column":3}}],"line":41},"5":{"loc":{"start":{"line":51,"column":6},"end":{"line":53,"column":7}},"type":"if","locations":[{"start":{"line":51,"column":6},"end":{"line":53,"column":7}},{"start":{"line":51,"column":6},"end":{"line":53,"column":7}}],"line":51},"6":{"loc":{"start":{"line":68,"column":9},"end":{"line":68,"column":37}},"type":"binary-expr","locations":[{"start":{"line":68,"column":10},"end":{"line":68,"column":20}},{"start":{"line":68,"column":26},"end":{"line":68,"column":36}}],"line":68},"7":{"loc":{"start":{"line":76,"column":9},"end":{"line":76,"column":39}},"type":"binary-expr","locations":[{"start":{"line":76,"column":10},"end":{"line":76,"column":21}},{"start":{"line":76,"column":27},"end":{"line":76,"column":38}}],"line":76},"8":{"loc":{"start":{"line":89,"column":2},"end":{"line":96,"column":3}},"type":"if","locations":[{"start":{"line":89,"column":2},"end":{"line":96,"column":3}},{"start":{"line":89,"column":2},"end":{"line":96,"column":3}}],"line":89},"9":{"loc":{"start":{"line":105,"column":20},"end":{"line":105,"column":38}},"type":"cond-expr","locations":[{"start":{"line":105,"column":33},"end":{"line":105,"column":34}},{"start":{"line":105,"column":36},"end":{"line":105,"column":38}}],"line":105},"10":{"loc":{"start":{"line":157,"column":2},"end":{"line":159,"column":3}},"type":"if","locations":[{"start":{"line":157,"column":2},"end":{"line":159,"column":3}},{"start":{"line":157,"column":2},"end":{"line":159,"column":3}}],"line":157},"11":{"loc":{"start":{"line":157,"column":6},"end":{"line":157,"column":66}},"type":"binary-expr","locations":[{"start":{"line":157,"column":7},"end":{"line":157,"column":33}},{"start":{"line":157,"column":39},"end":{"line":157,"column":65}}],"line":157},"12":{"loc":{"start":{"line":163,"column":2},"end":{"line":168,"column":3}},"type":"if","locations":[{"start":{"line":163,"column":2},"end":{"line":168,"column":3}},{"start":{"line":163,"column":2},"end":{"line":168,"column":3}}],"line":163},"13":{"loc":{"start":{"line":163,"column":6},"end":{"line":163,"column":83}},"type":"binary-expr","locations":[{"start":{"line":163,"column":6},"end":{"line":163,"column":26}},{"start":{"line":163,"column":30},"end":{"line":163,"column":50}},{"start":{"line":163,"column":54},"end":{"line":163,"column":83}}],"line":163}},"s":{"0":13,"1":13,"2":4,"3":9,"4":3,"5":6,"6":3,"7":3,"8":8,"9":8,"10":8,"11":8,"12":8,"13":8,"14":22,"15":22,"16":22,"17":22,"18":22,"19":22,"20":15,"21":15,"22":21,"23":21,"24":7,"25":21,"26":22,"27":22,"28":35,"29":35,"30":35,"31":29,"32":29,"33":29,"34":10,"35":10,"36":10,"37":3,"38":3,"39":3,"40":3,"41":7,"42":7,"43":7,"44":7,"45":7,"46":7,"47":7,"48":7,"49":7,"50":7,"51":20,"52":20,"53":20,"54":7,"55":35,"56":7,"57":29,"58":7,"59":7,"60":0,"61":7,"62":1,"63":1,"64":1,"65":7},"f":{"0":13,"1":3,"2":6,"3":8,"4":8,"5":22,"6":35,"7":29,"8":10,"9":35,"10":29},"b":{"0":[4,9],"1":[7,2],"2":[2,1],"3":[14,8],"4":[15,7],"5":[7,14],"6":[35,10],"7":[29,26],"8":[3,7],"9":[5,2],"10":[0,7],"11":[7,7],"12":[1,6],"13":[7,1,1]},"_coverageSchema":"1a1c01bbd47fc00a2c39e90264f33305004495a9","hash":"0b8bb5f7179664b7e5a463232390d69fe8f7056e"}
,"/home/mia/Documents/code/factorio-shape-gen-ui/src/utils/getVertices.js": {"path":"/home/mia/Documents/code/factorio-shape-gen-ui/src/utils/getVertices.js","statementMap":{"0":{"start":{"line":3,"column":27},"end":{"line":3,"column":28}},"1":{"start":{"line":4,"column":24},"end":{"line":4,"column":44}},"2":{"start":{"line":5,"column":2},"end":{"line":5,"column":54}},"3":{"start":{"line":9,"column":26},"end":{"line":9,"column":53}},"4":{"start":{"line":11,"column":23},"end":{"line":11,"column":59}},"5":{"start":{"line":12,"column":2},"end":{"line":12,"column":42}},"6":{"start":{"line":16,"column":43},"end":{"line":16,"column":67}},"7":{"start":{"line":18,"column":19},"end":{"line":23,"column":3}},"8":{"start":{"line":19,"column":14},"end":{"line":22,"column":5}},"9":{"start":{"line":24,"column":2},"end":{"line":24,"column":18}}},"fnMap":{"0":{"name":"getNumberOfSides","decl":{"start":{"line":2,"column":9},"end":{"line":2,"column":25}},"loc":{"start":{"line":2,"column":34},"end":{"line":6,"column":1}},"line":2},"1":{"name":"getAngles","decl":{"start":{"line":8,"column":9},"end":{"line":8,"column":18}},"loc":{"start":{"line":8,"column":34},"end":{"line":13,"column":1}},"line":8},"2":{"name":"getVertices","decl":{"start":{"line":15,"column":9},"end":{"line":15,"column":20}},"loc":{"start":{"line":15,"column":44},"end":{"line":25,"column":1}},"line":15},"3":{"name":"(anonymous_3)","decl":{"start":{"line":19,"column":4},"end":{"line":19,"column":5}},"loc":{"start":{"line":19,"column":14},"end":{"line":22,"column":5}},"line":19}},"branchMap":{},"s":{"0":1,"1":1,"2":1,"3":2,"4":2,"5":2,"6":1,"7":1,"8":5,"9":1},"f":{"0":1,"1":2,"2":1,"3":5},"b":{},"_coverageSchema":"1a1c01bbd47fc00a2c39e90264f33305004495a9","hash":"0c3b93f64655da3c2dda29f4512993983d4112c9"}
}
