TN:
SF:src/index.js
FN:9,App
FNF:1
FNH:1
FNDA:1,App
DA:10,1
LF:1
LH:1
BRF:0
BRH:0
end_of_record
TN:
SF:src/sw.js
FNF:0
FNH:0
DA:3,0
DA:4,0
LF:2
LH:0
BRF:0
BRH:0
end_of_record
TN:
SF:src/components/Button.js
FN:4,ActionButton
FNF:1
FNH:1
FNDA:6,ActionButton
DA:5,6
LF:1
LH:1
BRDA:10,0,0,0
BRDA:10,0,1,4
BRF:2
BRH:1
end_of_record
TN:
SF:src/components/CollapsedText.js
FN:8,CollapsedText
FN:28,(anonymous_1)
FNF:2
FNH:2
FNDA:6,CollapsedText
FNDA:1,(anonymous_1)
DA:9,6
DA:10,6
DA:11,6
DA:12,6
DA:14,6
DA:15,6
DA:20,6
DA:28,1
LF:8
LH:8
BRDA:14,0,0,1
BRDA:14,0,1,5
BRDA:16,1,0,1
BRDA:16,1,1,5
BRF:4
BRH:4
end_of_record
TN:
SF:src/components/DropdownSelect.js
FN:5,DropdownSelect
FN:21,(anonymous_1)
FNF:2
FNH:2
FNDA:8,DropdownSelect
FNDA:38,(anonymous_1)
DA:14,8
DA:21,38
LF:2
LH:2
BRDA:16,0,0,8
BRDA:16,0,1,2
BRF:2
BRH:2
end_of_record
TN:
SF:src/components/NumberInput.js
FN:5,NumberInput
FNF:1
FNH:1
FNDA:2,NumberInput
DA:6,2
LF:1
LH:1
BRF:0
BRH:0
end_of_record
TN:
SF:src/components/TextBox.js
FN:3,TextBox
FNF:1
FNH:1
FNDA:2,TextBox
DA:4,2
LF:1
LH:1
BRF:0
BRH:0
end_of_record
TN:
SF:src/sections/Footer.js
FN:4,Footer
FNF:1
FNH:1
FNDA:3,Footer
DA:5,3
DA:6,3
DA:8,3
LF:3
LH:3
BRF:0
BRH:0
end_of_record
TN:
SF:src/sections/Header.js
FN:3,Header
FNF:1
FNH:1
FNDA:2,Header
DA:4,2
LF:1
LH:1
BRF:0
BRH:0
end_of_record
TN:
SF:src/sections/Main.js
FN:13,callbackify
FN:14,(anonymous_1)
FN:17,copyToClipboard
FN:22,(anonymous_3)
FN:23,(anonymous_4)
FN:29,(anonymous_5)
FN:30,(anonymous_6)
FN:32,Main
FN:41,(anonymous_8)
FN:86,(anonymous_9)
FN:94,(anonymous_10)
FNF:11
FNH:5
FNDA:8,callbackify
FNDA:0,(anonymous_1)
FNDA:0,copyToClipboard
FNDA:0,(anonymous_3)
FNDA:0,(anonymous_4)
FNDA:14,(anonymous_5)
FNDA:14,(anonymous_6)
FNDA:2,Main
FNDA:2,(anonymous_8)
FNDA:0,(anonymous_9)
FNDA:0,(anonymous_10)
DA:14,8
DA:18,0
DA:19,0
DA:20,0
DA:21,0
DA:22,0
DA:23,0
DA:25,0
DA:29,14
DA:30,14
DA:33,2
DA:34,2
DA:35,2
DA:36,2
DA:37,2
DA:38,2
DA:39,2
DA:41,2
DA:42,2
DA:45,2
DA:87,0
DA:94,0
LF:22
LH:13
BRDA:42,0,0,0
BRDA:42,0,1,2
BRF:2
BRH:1
end_of_record
TN:
SF:src/sections/tileData.js
FN:1,(anonymous_0)
FNF:1
FNH:1
FNDA:14,(anonymous_0)
DA:1,14
DA:3,2
LF:2
LH:2
BRF:0
BRH:0
end_of_record
TN:
SF:src/utils/calculateEverything.js
FN:6,calculateEverything
FNF:1
FNH:1
FNDA:1,calculateEverything
DA:7,1
DA:9,1
DA:10,1
DA:11,0
DA:12,0
DA:13,0
DA:14,0
DA:15,0
DA:16,0
DA:18,0
DA:21,1
DA:22,1
LF:12
LH:5
BRDA:9,0,0,1
BRDA:9,0,1,0
BRDA:11,1,0,0
BRDA:11,1,1,0
BRF:4
BRH:1
end_of_record
TN:
SF:src/utils/getBlueprintString.js
FN:3,getBlueprint
FN:7,(anonymous_1)
FN:12,(anonymous_2)
FNF:3
FNH:3
FNDA:4,getBlueprint
FNDA:153,(anonymous_1)
FNDA:2,(anonymous_2)
DA:5,4
DA:6,4
DA:7,153
DA:9,4
DA:12,4
LF:5
LH:5
BRF:0
BRH:0
end_of_record
TN:
SF:src/utils/getCirclePoints.js
FN:1,(anonymous_0)
FN:3,getCirclePoints
FN:20,(anonymous_2)
FN:21,(anonymous_3)
FN:22,(anonymous_4)
FNF:5
FNH:5
FNDA:52,(anonymous_0)
FNDA:1,getCirclePoints
FNDA:37,(anonymous_2)
FNDA:37,(anonymous_3)
FNDA:37,(anonymous_4)
DA:1,52
DA:4,1
DA:5,1
DA:6,26
DA:7,26
DA:10,1
DA:12,1
DA:13,26
DA:14,26
DA:15,26
DA:16,11
DA:20,37
DA:21,37
DA:22,37
DA:24,1
DA:26,1
LF:16
LH:16
BRDA:15,0,0,11
BRDA:15,0,1,15
BRF:2
BRH:2
end_of_record
TN:
SF:src/utils/getIntermediatePoints.js
FN:2,sortPoints
FN:10,getVerticalPoints
FN:11,(anonymous_2)
FN:15,(anonymous_3)
FN:20,getLinearEquation
FN:32,getNextBatchOfPoints
FN:65,checkIfBefore
FN:72,checkIfAfter
FN:83,getIntermediatePoints
FN:145,(anonymous_9)
FN:151,(anonymous_10)
FNF:11
FNH:11
FNDA:13,sortPoints
FNDA:3,getVerticalPoints
FNDA:6,(anonymous_2)
FNDA:8,(anonymous_3)
FNDA:8,getLinearEquation
FNDA:22,getNextBatchOfPoints
FNDA:35,checkIfBefore
FNDA:29,checkIfAfter
FNDA:10,getIntermediatePoints
FNDA:35,(anonymous_9)
FNDA:29,(anonymous_10)
DA:3,13
DA:4,13
DA:5,9
DA:11,6
DA:12,3
DA:14,3
DA:15,8
DA:23,8
DA:24,8
DA:25,8
DA:26,8
DA:27,8
DA:33,22
DA:34,22
DA:35,22
DA:36,22
DA:39,22
DA:41,22
DA:44,15
DA:45,15
DA:50,21
DA:51,21
DA:52,7
DA:54,21
DA:59,22
DA:61,22
DA:66,35
DA:67,35
DA:68,35
DA:73,29
DA:74,29
DA:76,29
DA:85,10
DA:86,10
DA:89,10
DA:91,3
DA:92,3
DA:93,3
DA:95,3
DA:103,7
DA:104,7
DA:105,7
DA:107,7
DA:108,7
DA:109,7
DA:116,7
DA:118,7
DA:121,7
DA:123,20
DA:124,20
DA:126,20
DA:144,7
DA:145,35
DA:150,7
DA:151,29
DA:156,7
DA:157,7
DA:158,0
DA:163,7
DA:165,1
DA:166,1
DA:167,1
DA:171,7
LF:63
LH:62
BRDA:4,0,0,4
BRDA:4,0,1,9
BRDA:5,1,0,7
BRDA:5,1,1,2
BRDA:12,2,0,2
BRDA:12,2,1,1
BRDA:33,3,0,14
BRDA:33,3,1,8
BRDA:41,4,0,15
BRDA:41,4,1,7
BRDA:51,5,0,7
BRDA:51,5,1,14
BRDA:68,6,0,35
BRDA:68,6,1,10
BRDA:76,7,0,29
BRDA:76,7,1,26
BRDA:89,8,0,3
BRDA:89,8,1,7
BRDA:105,9,0,5
BRDA:105,9,1,2
BRDA:157,10,0,0
BRDA:157,10,1,7
BRDA:157,11,0,7
BRDA:157,11,1,7
BRDA:163,12,0,1
BRDA:163,12,1,6
BRDA:163,13,0,7
BRDA:163,13,1,1
BRDA:163,13,2,1
BRF:29
BRH:28
end_of_record
TN:
SF:src/utils/getVertices.js
FN:2,getNumberOfSides
FN:8,getAngles
FN:15,getVertices
FN:19,(anonymous_3)
FNF:4
FNH:4
FNDA:1,getNumberOfSides
FNDA:2,getAngles
FNDA:1,getVertices
FNDA:5,(anonymous_3)
DA:3,1
DA:4,1
DA:5,1
DA:9,2
DA:11,2
DA:12,2
DA:16,1
DA:18,1
DA:19,5
DA:24,1
LF:10
LH:10
BRF:0
BRH:0
end_of_record
